==7527== Conditional jump or move depends on uninitialised value(s)
==7527==    at 0xECDD543: Gamera::convex_hull_from_points(std::vector<Gamera::Point, std::allocator<Gamera::Point> >*) (geometry.hpp:742)
==7527==    by 0xECDE0F1: call_convex_hull_from_points (_geometry.cpp:387)
==7527==    by 0x4E827A2: PyObject_Call (in /home/jens/anaconda3/envs/gamera-old/lib/libpython2.7.so.1.0)
==7527==    by 0x4E8DE15: instance_call (in /home/jens/anaconda3/envs/gamera-old/lib/libpython2.7.so.1.0)
==7527==    by 0x4E827A2: PyObject_Call (in /home/jens/anaconda3/envs/gamera-old/lib/libpython2.7.so.1.0)
==7527==    by 0x4F18B68: PyEval_EvalFrameEx (in /home/jens/anaconda3/envs/gamera-old/lib/libpython2.7.so.1.0)
==7527==    by 0x4F1E4E8: PyEval_EvalCodeEx (in /home/jens/anaconda3/envs/gamera-old/lib/libpython2.7.so.1.0)
==7527==    by 0x4F1E709: PyEval_EvalCode (in /home/jens/anaconda3/envs/gamera-old/lib/libpython2.7.so.1.0)
==7527==    by 0x4F379CC: run_mod (in /home/jens/anaconda3/envs/gamera-old/lib/libpython2.7.so.1.0)
==7527==    by 0x4F38B47: PyRun_FileExFlags (in /home/jens/anaconda3/envs/gamera-old/lib/libpython2.7.so.1.0)
==7527==    by 0x4F39D67: PyRun_SimpleFileExFlags (in /home/jens/anaconda3/envs/gamera-old/lib/libpython2.7.so.1.0)
==7527==    by 0x4F4BF8B: Py_Main (in /home/jens/anaconda3/envs/gamera-old/lib/libpython2.7.so.1.0)
==7527== 
==7527== Conditional jump or move depends on uninitialised value(s)
==7527==    at 0xECDD594: Gamera::convex_hull_from_points(std::vector<Gamera::Point, std::allocator<Gamera::Point> >*) (geometry.hpp:742)
==7527==    by 0xECDE0F1: call_convex_hull_from_points (_geometry.cpp:387)
==7527==    by 0x4E827A2: PyObject_Call (in /home/jens/anaconda3/envs/gamera-old/lib/libpython2.7.so.1.0)
==7527==    by 0x4E8DE15: instance_call (in /home/jens/anaconda3/envs/gamera-old/lib/libpython2.7.so.1.0)
==7527==    by 0x4E827A2: PyObject_Call (in /home/jens/anaconda3/envs/gamera-old/lib/libpython2.7.so.1.0)
==7527==    by 0x4F18B68: PyEval_EvalFrameEx (in /home/jens/anaconda3/envs/gamera-old/lib/libpython2.7.so.1.0)
==7527==    by 0x4F1E4E8: PyEval_EvalCodeEx (in /home/jens/anaconda3/envs/gamera-old/lib/libpython2.7.so.1.0)
==7527==    by 0x4F1E709: PyEval_EvalCode (in /home/jens/anaconda3/envs/gamera-old/lib/libpython2.7.so.1.0)
==7527==    by 0x4F379CC: run_mod (in /home/jens/anaconda3/envs/gamera-old/lib/libpython2.7.so.1.0)
==7527==    by 0x4F38B47: PyRun_FileExFlags (in /home/jens/anaconda3/envs/gamera-old/lib/libpython2.7.so.1.0)
==7527==    by 0x4F39D67: PyRun_SimpleFileExFlags (in /home/jens/anaconda3/envs/gamera-old/lib/libpython2.7.so.1.0)
==7527==    by 0x4F4BF8B: Py_Main (in /home/jens/anaconda3/envs/gamera-old/lib/libpython2.7.so.1.0)
