==6527== Conditional jump or move depends on uninitialised value(s)
==6527==    at 0xE83E29D: Gamera::convex_hull_from_points(std::vector<Gamera::Point, std::allocator<Gamera::Point> >*) (geometry.hpp:742)
==6527==    by 0xE84F678: void Gamera::fourier_broken<Gamera::ImageView<Gamera::ImageData<unsigned short> > >(Gamera::ImageView<Gamera::ImageData<unsigned short> >&, double*) (fourier_features.hpp:267)
==6527==    by 0xE840A7A: call_fourier_broken (_fourier_features.cpp:60)
==6527==    by 0x4F1CCC3: PyEval_EvalFrameEx (in /home/jens/anaconda3/envs/gamera-old/lib/libpython2.7.so.1.0)
==6527==    by 0x4F1E4E8: PyEval_EvalCodeEx (in /home/jens/anaconda3/envs/gamera-old/lib/libpython2.7.so.1.0)
==6527==    by 0x4F1B9B7: PyEval_EvalFrameEx (in /home/jens/anaconda3/envs/gamera-old/lib/libpython2.7.so.1.0)
==6527==    by 0x4F1CF9D: PyEval_EvalFrameEx (in /home/jens/anaconda3/envs/gamera-old/lib/libpython2.7.so.1.0)
==6527==    by 0x4F1CF9D: PyEval_EvalFrameEx (in /home/jens/anaconda3/envs/gamera-old/lib/libpython2.7.so.1.0)
==6527==    by 0x4F1CF9D: PyEval_EvalFrameEx (in /home/jens/anaconda3/envs/gamera-old/lib/libpython2.7.so.1.0)
==6527==    by 0x4F1CF9D: PyEval_EvalFrameEx (in /home/jens/anaconda3/envs/gamera-old/lib/libpython2.7.so.1.0)
==6527==    by 0x4F1CF9D: PyEval_EvalFrameEx (in /home/jens/anaconda3/envs/gamera-old/lib/libpython2.7.so.1.0)
==6527==    by 0x4F1E4E8: PyEval_EvalCodeEx (in /home/jens/anaconda3/envs/gamera-old/lib/libpython2.7.so.1.0)
==6527== 
==6527== Conditional jump or move depends on uninitialised value(s)
==6527==    at 0xE83E2EE: Gamera::convex_hull_from_points(std::vector<Gamera::Point, std::allocator<Gamera::Point> >*) (geometry.hpp:742)
==6527==    by 0xE84F678: void Gamera::fourier_broken<Gamera::ImageView<Gamera::ImageData<unsigned short> > >(Gamera::ImageView<Gamera::ImageData<unsigned short> >&, double*) (fourier_features.hpp:267)
==6527==    by 0xE840A7A: call_fourier_broken (_fourier_features.cpp:60)
==6527==    by 0x4F1CCC3: PyEval_EvalFrameEx (in /home/jens/anaconda3/envs/gamera-old/lib/libpython2.7.so.1.0)
==6527==    by 0x4F1E4E8: PyEval_EvalCodeEx (in /home/jens/anaconda3/envs/gamera-old/lib/libpython2.7.so.1.0)
==6527==    by 0x4F1B9B7: PyEval_EvalFrameEx (in /home/jens/anaconda3/envs/gamera-old/lib/libpython2.7.so.1.0)
==6527==    by 0x4F1CF9D: PyEval_EvalFrameEx (in /home/jens/anaconda3/envs/gamera-old/lib/libpython2.7.so.1.0)
==6527==    by 0x4F1CF9D: PyEval_EvalFrameEx (in /home/jens/anaconda3/envs/gamera-old/lib/libpython2.7.so.1.0)
==6527==    by 0x4F1CF9D: PyEval_EvalFrameEx (in /home/jens/anaconda3/envs/gamera-old/lib/libpython2.7.so.1.0)
==6527==    by 0x4F1CF9D: PyEval_EvalFrameEx (in /home/jens/anaconda3/envs/gamera-old/lib/libpython2.7.so.1.0)
==6527==    by 0x4F1CF9D: PyEval_EvalFrameEx (in /home/jens/anaconda3/envs/gamera-old/lib/libpython2.7.so.1.0)
==6527==    by 0x4F1E4E8: PyEval_EvalCodeEx (in /home/jens/anaconda3/envs/gamera-old/lib/libpython2.7.so.1.0)

==6527==  Address 0x609b020 is 0 bytes after a block of size 32 free'd
==6527==    at 0x4C2EDEB: free (in /usr/lib/valgrind/vgpreload_memcheck-amd64-linux.so)
==6527==    by 0xE858C7A: Gamera::Kdtree::KdTree::k_nearest_neighbors(std::vector<double, std::allocator<double> > const&, unsigned long, std::vector<Gamera::Kdtree::KdNode, std::allocator<Gamera::Kdtree::KdNode> >*, Gamera::Kdtree::KdNodePredicate*) (kdtree.cpp:307)
==6527==    by 0xE83EC2D: Gamera::minimumContourHullDistances(std::vector<PointBase<double>, std::allocator<PointBase<double> > >*, std::vector<Gamera::Point, std::allocator<Gamera::Point> >*) (fourier_features.hpp:167)
==6527==    by 0xE84F691: void Gamera::fourier_broken<Gamera::ImageView<Gamera::ImageData<unsigned short> > >(Gamera::ImageView<Gamera::ImageData<unsigned short> >&, double*) (fourier_features.hpp:271)
==6527==    by 0xE840A7A: call_fourier_broken (_fourier_features.cpp:60)
==6527==    by 0x4F1CCC3: PyEval_EvalFrameEx (in /home/jens/anaconda3/envs/gamera-old/lib/libpython2.7.so.1.0)
==6527==    by 0x4F1E4E8: PyEval_EvalCodeEx (in /home/jens/anaconda3/envs/gamera-old/lib/libpython2.7.so.1.0)
==6527==    by 0x4F1B9B7: PyEval_EvalFrameEx (in /home/jens/anaconda3/envs/gamera-old/lib/libpython2.7.so.1.0)
==6527==    by 0x4F1CF9D: PyEval_EvalFrameEx (in /home/jens/anaconda3/envs/gamera-old/lib/libpython2.7.so.1.0)
==6527==    by 0x4F1CF9D: PyEval_EvalFrameEx (in /home/jens/anaconda3/envs/gamera-old/lib/libpython2.7.so.1.0)
==6527==    by 0x4F1CF9D: PyEval_EvalFrameEx (in /home/jens/anaconda3/envs/gamera-old/lib/libpython2.7.so.1.0)
==6527==    by 0x4F1CF9D: PyEval_EvalFrameEx (in /home/jens/anaconda3/envs/gamera-old/lib/libpython2.7.so.1.0)
==6527==  Block was alloc'd at
==6527==    at 0x4C2DB8F: malloc (in /usr/lib/valgrind/vgpreload_memcheck-amd64-linux.so)
==6527==    by 0x6E5D083: ??? (in /home/jens/anaconda3/envs/gamera-old/lib/libstdc++.so.6.0.25)